<?xml version="1.0" encoding="UTF-8"?>
<!-- Generated by org.testng.reporters.JUnitXMLReporter -->
<testsuite ignored="2" hostname="DESKTOP-08N2BI1" failures="1" tests="19" name="Test" time="0.147" errors="0" timestamp="2023-06-08T00:31:22 IST">
  <testcase classname="javaPackage.TestNG5" name="a" time="0.007"/>
  <testcase classname="javaPackage.TestNG5" name="c" time="0.002"/>
  <testcase classname="javaPackage.TestNG5" name="c" time="0.003"/>
  <testcase classname="javaPackage.TestNG6" name="z" time="0.006">
    <failure type="java.lang.AssertionError">
      <![CDATA[java.lang.AssertionError
at org.junit.Assert.fail(Assert.java:86)
at org.junit.Assert.assertTrue(Assert.java:41)
at org.junit.Assert.assertTrue(Assert.java:52)
at javaPackage.TestNG6.z(TestNG6.java:10)
at java.base/java.util.ArrayList.forEach(ArrayList.java:1511)
... Removed 27 stack frames]]>
    </failure>
  </testcase> <!-- z -->
  <testcase classname="javaPackage.TestNG6" name="b" time="0.0">
    <skipped/>
  </testcase> <!-- b -->
  <testcase classname="javaPackage.TestNG3" name="a" time="0.001"/>
  <testcase classname="javaPackage.TestNG3" name="c" time="0.001"/>
  <testcase classname="javaPackage.TestNG3" name="d" time="0.001"/>
  <testcase classname="javaPackage.TestNG3" name="b" time="0.002"/>
  <testcase classname="javaPackage.TestNG4" name="c" time="0.001"/>
  <testcase classname="javaPackage.TestNG4" name="d" time="0.001"/>
  <testcase classname="javaPackage.TestNG4" name="d" time="0.0"/>
  <testcase classname="javaPackage.TestNG4" name="f" time="0.002">
    <skipped/>
  </testcase> <!-- f -->
  <testcase classname="javaPackage.TestNG1" name="a1" time="0.001"/>
  <testcase classname="javaPackage.TestNG1" name="a2" time="0.002"/>
  <testcase classname="javaPackage.TestNG2" name="a1" time="0.002"/>
  <testcase classname="javaPackage.TestNG2" name="a3" time="0.002"/>
  <testcase classname="javaPackage.TestNG2" name="ab" time="0.002"/>
  <testcase classname="javaPackage.TestNG2" name="z" time="0.001"/>
  <testcase classname="javaPackage.TestNG5" name="b" time="0.0">
    <ignored/>
  </testcase> <!-- b -->
  <testcase classname="javaPackage.TestNG4" name="b" time="0.0">
    <ignored/>
  </testcase> <!-- b -->
</testsuite> <!-- Test -->
