<?xml version="1.0" encoding="UTF-8"?>
<testng-results ignored="0" total="1" passed="1" failed="0" skipped="0">
  <reporter-output>
  </reporter-output>
  <suite started-at="2023-06-16T00:06:15 IST" name="Default suite" finished-at="2023-06-16T00:06:15 IST" duration-ms="45">
    <groups>
    </groups>
    <test started-at="2023-06-16T00:06:15 IST" name="Default test" finished-at="2023-06-16T00:06:15 IST" duration-ms="45">
      <class name="javaPackage.Assertion4">
        <test-method signature="testCase5()[pri:0, instance:javaPackage.Assertion4@693fe6c9]" started-at="2023-06-16T00:06:15 IST" name="testCase5" finished-at="2023-06-16T00:06:15 IST" duration-ms="10" status="PASS">
          <reporter-output>
          </reporter-output>
        </test-method> <!-- testCase5 -->
      </class> <!-- javaPackage.Assertion4 -->
    </test> <!-- Default test -->
  </suite> <!-- Default suite -->
</testng-results>
