<?xml version="1.0" encoding="UTF-8"?>
<testng-results ignored="0" total="2" passed="2" failed="0" skipped="0">
  <reporter-output>
  </reporter-output>
  <suite started-at="2023-07-27T00:43:21 IST" name="Default suite" finished-at="2023-07-27T00:43:25 IST" duration-ms="4408">
    <groups>
    </groups>
    <test started-at="2023-07-27T00:43:21 IST" name="Default test" finished-at="2023-07-27T00:43:25 IST" duration-ms="4408">
      <class name="javaPackage.SeleniumGrid">
        <test-method signature="login(java.lang.String,java.lang.String)[pri:0, instance:javaPackage.SeleniumGrid@d29f28]" started-at="2023-07-27T00:43:21 IST" name="login" data-provider="sendData" finished-at="2023-07-27T00:43:25 IST" duration-ms="4366" status="PASS">
          <params>
            <param index="0">
              <value>
                <![CDATA[Email_1]]>
              </value>
            </param>
            <param index="1">
              <value>
                <![CDATA[chrome]]>
              </value>
            </param>
          </params>
          <reporter-output>
          </reporter-output>
        </test-method> <!-- login -->
        <test-method signature="login(java.lang.String,java.lang.String)[pri:0, instance:javaPackage.SeleniumGrid@d29f28]" started-at="2023-07-27T00:43:21 IST" name="login" data-provider="sendData" finished-at="2023-07-27T00:43:25 IST" duration-ms="4259" status="PASS">
          <params>
            <param index="0">
              <value>
                <![CDATA[Email_2]]>
              </value>
            </param>
            <param index="1">
              <value>
                <![CDATA[chrome]]>
              </value>
            </param>
          </params>
          <reporter-output>
          </reporter-output>
        </test-method> <!-- login -->
      </class> <!-- javaPackage.SeleniumGrid -->
    </test> <!-- Default test -->
  </suite> <!-- Default suite -->
</testng-results>
